<?xml version="1.0" encoding="UTF-8"?>
<!-- Generated by org.testng.reporters.JUnitReportReporter -->
<testsuite hostname="EPUAKHAW0662" name="khppp.tests.LoginTest" tests="6" failures="0" timestamp="22 Dec 2014 09:48:43 GMT" time="15.591" errors="0">
  <testcase name="userLogin" time="1.413" classname="khppp.tests.LoginTest"/>
  <testcase name="userEmptyPassword" time="0.834" classname="khppp.tests.LoginTest"/>
  <testcase name="userLogin" time="3.394" classname="khppp.tests.LoginTest"/>
  <testcase name="userLogin" time="1.136" classname="khppp.tests.LoginTest"/>
  <testcase name="userIncorrectLogin" time="0.799" classname="khppp.tests.LoginTest"/>
  <testcase name="userEmptyLogin" time="8.015" classname="khppp.tests.LoginTest"/>
</testsuite> <!-- khppp.tests.LoginTest -->
