<?xml version="1.0" encoding="UTF-8"?>
<!-- Generated by org.testng.reporters.JUnitReportReporter -->
<testsuite hostname="EPUAKHAW0662" name="khppp.tests.UsersTest" tests="7" failures="0" timestamp="22 Dec 2014 09:48:43 GMT" time="76.826" errors="0">
  <testcase name="addUserWithoutName" time="2.547" classname="khppp.tests.UsersTest"/>
  <testcase name="addUserCustomEmail" time="19.480" classname="khppp.tests.UsersTest"/>
  <testcase name="adminAddNewUser" time="12.671" classname="khppp.tests.UsersTest"/>
  <testcase name="addUserWithoutSurname" time="2.363" classname="khppp.tests.UsersTest"/>
  <testcase name="adminAddNewUser" time="13.550" classname="khppp.tests.UsersTest"/>
  <testcase name="adminAddNewUser" time="13.074" classname="khppp.tests.UsersTest"/>
  <testcase name="adminAddNewUser" time="13.141" classname="khppp.tests.UsersTest"/>
</testsuite> <!-- khppp.tests.UsersTest -->
